2020-05-07 09:30:32 Error: [Cake\View\Exception\MissingTemplateException] Template file 'Feeds/index.php' could not be found.

The following paths were searched:

- /var/www/html/templates/
- /var/www/html/vendor/cakephp/cakephp/templates/
 in Feeds/index.php on line 1334
Exception Attributes: array (
  'file' => 'Feeds/index.php',
  'paths' => 
  array (
    0 => '/var/www/html/templates/',
    1 => '/var/www/html/vendor/cakephp/cakephp/templates/',
  ),
)
Stack Trace:
- /var/www/html/vendor/cakephp/cakephp/src/View/View.php:747
- /var/www/html/vendor/cakephp/cakephp/src/Controller/Controller.php:691
- /var/www/html/vendor/cakephp/cakephp/src/Controller/Controller.php:533
- /var/www/html/vendor/cakephp/cakephp/src/Controller/ControllerFactory.php:79
- /var/www/html/vendor/cakephp/cakephp/src/Http/BaseApplication.php:229
- /var/www/html/vendor/cakephp/cakephp/src/Http/Runner.php:77
- /var/www/html/vendor/cakephp/cakephp/src/Http/Runner.php:77
- /var/www/html/vendor/cakephp/cakephp/src/Http/Middleware/CsrfProtectionMiddleware.php:132
- /var/www/html/vendor/cakephp/cakephp/src/Http/Runner.php:73
- /var/www/html/vendor/cakephp/cakephp/src/Http/Runner.php:58
- /var/www/html/vendor/cakephp/cakephp/src/Routing/Middleware/RoutingMiddleware.php:162
- /var/www/html/vendor/cakephp/cakephp/src/Http/Runner.php:73
- /var/www/html/vendor/cakephp/cakephp/src/Routing/Middleware/AssetMiddleware.php:68
- /var/www/html/vendor/cakephp/cakephp/src/Http/Runner.php:73
- /var/www/html/vendor/cakephp/cakephp/src/Error/Middleware/ErrorHandlerMiddleware.php:118
- /var/www/html/vendor/cakephp/cakephp/src/Http/Runner.php:73
- /var/www/html/vendor/cakephp/debug_kit/src/Middleware/DebugKitMiddleware.php:60
- /var/www/html/vendor/cakephp/cakephp/src/Http/Runner.php:73
- /var/www/html/vendor/cakephp/cakephp/src/Http/Runner.php:58
- /var/www/html/vendor/cakephp/cakephp/src/Http/Server.php:90
- /var/www/html/webroot/index.php:40

Request URL: /feeds
Client IP: 192.168.80.1


2020-05-07 09:32:30 Error: [Cake\Datasource\Exception\InvalidPrimaryKeyException] Record not found in table "feeds" with primary key [NULL] in /var/www/html/vendor/cakephp/cakephp/src/ORM/Table.php on line 1473
Stack Trace:
- /var/www/html/src/Controller/FeedsController.php:72
- /var/www/html/vendor/cakephp/cakephp/src/Controller/Controller.php:524
- /var/www/html/vendor/cakephp/cakephp/src/Controller/ControllerFactory.php:79
- /var/www/html/vendor/cakephp/cakephp/src/Http/BaseApplication.php:229
- /var/www/html/vendor/cakephp/cakephp/src/Http/Runner.php:77
- /var/www/html/vendor/cakephp/cakephp/src/Http/Runner.php:77
- /var/www/html/vendor/cakephp/cakephp/src/Http/Middleware/CsrfProtectionMiddleware.php:132
- /var/www/html/vendor/cakephp/cakephp/src/Http/Runner.php:73
- /var/www/html/vendor/cakephp/cakephp/src/Http/Runner.php:58
- /var/www/html/vendor/cakephp/cakephp/src/Routing/Middleware/RoutingMiddleware.php:162
- /var/www/html/vendor/cakephp/cakephp/src/Http/Runner.php:73
- /var/www/html/vendor/cakephp/cakephp/src/Routing/Middleware/AssetMiddleware.php:68
- /var/www/html/vendor/cakephp/cakephp/src/Http/Runner.php:73
- /var/www/html/vendor/cakephp/cakephp/src/Error/Middleware/ErrorHandlerMiddleware.php:118
- /var/www/html/vendor/cakephp/cakephp/src/Http/Runner.php:73
- /var/www/html/vendor/cakephp/debug_kit/src/Middleware/DebugKitMiddleware.php:60
- /var/www/html/vendor/cakephp/cakephp/src/Http/Runner.php:73
- /var/www/html/vendor/cakephp/cakephp/src/Http/Runner.php:58
- /var/www/html/vendor/cakephp/cakephp/src/Http/Server.php:90
- /var/www/html/webroot/index.php:40

Request URL: /feeds/edit
Client IP: 192.168.80.1


2020-05-07 09:35:05 Error: [PDOException] SQLSTATE[23000]: Integrity constraint violation: 1048 Column 'create_at' cannot be null in /var/www/html/vendor/cakephp/cakephp/src/Database/Statement/MysqlStatement.php on line 40
Stack Trace:
- /var/www/html/vendor/cakephp/cakephp/src/Database/Statement/MysqlStatement.php:40
- /var/www/html/vendor/cakephp/cakephp/src/Database/Statement/StatementDecorator.php:178
- /var/www/html/vendor/cakephp/cakephp/src/Database/Log/LoggingStatement.php:58
- /var/www/html/vendor/cakephp/cakephp/src/Database/Connection.php:333
- /var/www/html/vendor/cakephp/cakephp/src/Core/Retry/CommandRetry.php:69
- /var/www/html/vendor/cakephp/cakephp/src/Database/Connection.php:336
- /var/www/html/vendor/cakephp/cakephp/src/Database/Query.php:245
- /var/www/html/vendor/cakephp/cakephp/src/ORM/Table.php:2104
- /var/www/html/vendor/cakephp/cakephp/src/ORM/Table.php:1916
- /var/www/html/vendor/cakephp/cakephp/src/ORM/Table.php:1815
- /var/www/html/vendor/cakephp/cakephp/src/ORM/Table.php:1515
- /var/www/html/vendor/cakephp/cakephp/src/Database/Connection.php:691
- /var/www/html/vendor/cakephp/cakephp/src/ORM/Table.php:1516
- /var/www/html/vendor/cakephp/cakephp/src/ORM/Table.php:1816
- /var/www/html/src/Controller/FeedsController.php:76
- /var/www/html/vendor/cakephp/cakephp/src/Controller/Controller.php:524
- /var/www/html/vendor/cakephp/cakephp/src/Controller/ControllerFactory.php:79
- /var/www/html/vendor/cakephp/cakephp/src/Http/BaseApplication.php:229
- /var/www/html/vendor/cakephp/cakephp/src/Http/Runner.php:77
- /var/www/html/vendor/cakephp/cakephp/src/Http/Runner.php:77
- /var/www/html/vendor/cakephp/cakephp/src/Http/Middleware/CsrfProtectionMiddleware.php:132
- /var/www/html/vendor/cakephp/cakephp/src/Http/Runner.php:73
- /var/www/html/vendor/cakephp/cakephp/src/Http/Runner.php:58
- /var/www/html/vendor/cakephp/cakephp/src/Routing/Middleware/RoutingMiddleware.php:162
- /var/www/html/vendor/cakephp/cakephp/src/Http/Runner.php:73
- /var/www/html/vendor/cakephp/cakephp/src/Routing/Middleware/AssetMiddleware.php:68
- /var/www/html/vendor/cakephp/cakephp/src/Http/Runner.php:73
- /var/www/html/vendor/cakephp/cakephp/src/Error/Middleware/ErrorHandlerMiddleware.php:118
- /var/www/html/vendor/cakephp/cakephp/src/Http/Runner.php:73
- /var/www/html/vendor/cakephp/debug_kit/src/Middleware/DebugKitMiddleware.php:60
- /var/www/html/vendor/cakephp/cakephp/src/Http/Runner.php:73
- /var/www/html/vendor/cakephp/cakephp/src/Http/Runner.php:58
- /var/www/html/vendor/cakephp/cakephp/src/Http/Server.php:90
- /var/www/html/webroot/index.php:40

Request URL: /feeds/edit/1
Referer URL: http://localhost:8080/feeds/edit/1
Client IP: 192.168.80.1


2020-05-07 09:36:53 Error: [PDOException] SQLSTATE[23000]: Integrity constraint violation: 1048 Column 'create_at' cannot be null in /var/www/html/vendor/cakephp/cakephp/src/Database/Statement/MysqlStatement.php on line 40
Stack Trace:
- /var/www/html/vendor/cakephp/cakephp/src/Database/Statement/MysqlStatement.php:40
- /var/www/html/vendor/cakephp/cakephp/src/Database/Statement/StatementDecorator.php:178
- /var/www/html/vendor/cakephp/cakephp/src/Database/Log/LoggingStatement.php:58
- /var/www/html/vendor/cakephp/cakephp/src/Database/Connection.php:333
- /var/www/html/vendor/cakephp/cakephp/src/Core/Retry/CommandRetry.php:69
- /var/www/html/vendor/cakephp/cakephp/src/Database/Connection.php:336
- /var/www/html/vendor/cakephp/cakephp/src/Database/Query.php:245
- /var/www/html/vendor/cakephp/cakephp/src/ORM/Table.php:2104
- /var/www/html/vendor/cakephp/cakephp/src/ORM/Table.php:1916
- /var/www/html/vendor/cakephp/cakephp/src/ORM/Table.php:1815
- /var/www/html/vendor/cakephp/cakephp/src/ORM/Table.php:1515
- /var/www/html/vendor/cakephp/cakephp/src/Database/Connection.php:691
- /var/www/html/vendor/cakephp/cakephp/src/ORM/Table.php:1516
- /var/www/html/vendor/cakephp/cakephp/src/ORM/Table.php:1816
- /var/www/html/src/Controller/FeedsController.php:76
- /var/www/html/vendor/cakephp/cakephp/src/Controller/Controller.php:524
- /var/www/html/vendor/cakephp/cakephp/src/Controller/ControllerFactory.php:79
- /var/www/html/vendor/cakephp/cakephp/src/Http/BaseApplication.php:229
- /var/www/html/vendor/cakephp/cakephp/src/Http/Runner.php:77
- /var/www/html/vendor/cakephp/cakephp/src/Http/Runner.php:77
- /var/www/html/vendor/cakephp/cakephp/src/Http/Middleware/CsrfProtectionMiddleware.php:132
- /var/www/html/vendor/cakephp/cakephp/src/Http/Runner.php:73
- /var/www/html/vendor/cakephp/cakephp/src/Http/Runner.php:58
- /var/www/html/vendor/cakephp/cakephp/src/Routing/Middleware/RoutingMiddleware.php:162
- /var/www/html/vendor/cakephp/cakephp/src/Http/Runner.php:73
- /var/www/html/vendor/cakephp/cakephp/src/Routing/Middleware/AssetMiddleware.php:68
- /var/www/html/vendor/cakephp/cakephp/src/Http/Runner.php:73
- /var/www/html/vendor/cakephp/cakephp/src/Error/Middleware/ErrorHandlerMiddleware.php:118
- /var/www/html/vendor/cakephp/cakephp/src/Http/Runner.php:73
- /var/www/html/vendor/cakephp/debug_kit/src/Middleware/DebugKitMiddleware.php:60
- /var/www/html/vendor/cakephp/cakephp/src/Http/Runner.php:73
- /var/www/html/vendor/cakephp/cakephp/src/Http/Runner.php:58
- /var/www/html/vendor/cakephp/cakephp/src/Http/Server.php:90
- /var/www/html/webroot/index.php:40

Request URL: /feeds/edit/1
Referer URL: http://localhost:8080/feeds/edit/1
Client IP: 192.168.80.1


2020-05-07 09:37:50 Error: [PDOException] SQLSTATE[23000]: Integrity constraint violation: 1048 Column 'create_at' cannot be null in /var/www/html/vendor/cakephp/cakephp/src/Database/Statement/MysqlStatement.php on line 40
Stack Trace:
- /var/www/html/vendor/cakephp/cakephp/src/Database/Statement/MysqlStatement.php:40
- /var/www/html/vendor/cakephp/cakephp/src/Database/Statement/StatementDecorator.php:178
- /var/www/html/vendor/cakephp/cakephp/src/Database/Log/LoggingStatement.php:58
- /var/www/html/vendor/cakephp/cakephp/src/Database/Connection.php:333
- /var/www/html/vendor/cakephp/cakephp/src/Core/Retry/CommandRetry.php:69
- /var/www/html/vendor/cakephp/cakephp/src/Database/Connection.php:336
- /var/www/html/vendor/cakephp/cakephp/src/Database/Query.php:245
- /var/www/html/vendor/cakephp/cakephp/src/ORM/Table.php:2104
- /var/www/html/vendor/cakephp/cakephp/src/ORM/Table.php:1916
- /var/www/html/vendor/cakephp/cakephp/src/ORM/Table.php:1815
- /var/www/html/vendor/cakephp/cakephp/src/ORM/Table.php:1515
- /var/www/html/vendor/cakephp/cakephp/src/Database/Connection.php:691
- /var/www/html/vendor/cakephp/cakephp/src/ORM/Table.php:1516
- /var/www/html/vendor/cakephp/cakephp/src/ORM/Table.php:1816
- /var/www/html/src/Controller/FeedsController.php:76
- /var/www/html/vendor/cakephp/cakephp/src/Controller/Controller.php:524
- /var/www/html/vendor/cakephp/cakephp/src/Controller/ControllerFactory.php:79
- /var/www/html/vendor/cakephp/cakephp/src/Http/BaseApplication.php:229
- /var/www/html/vendor/cakephp/cakephp/src/Http/Runner.php:77
- /var/www/html/vendor/cakephp/cakephp/src/Http/Runner.php:77
- /var/www/html/vendor/cakephp/cakephp/src/Http/Middleware/CsrfProtectionMiddleware.php:132
- /var/www/html/vendor/cakephp/cakephp/src/Http/Runner.php:73
- /var/www/html/vendor/cakephp/cakephp/src/Http/Runner.php:58
- /var/www/html/vendor/cakephp/cakephp/src/Routing/Middleware/RoutingMiddleware.php:162
- /var/www/html/vendor/cakephp/cakephp/src/Http/Runner.php:73
- /var/www/html/vendor/cakephp/cakephp/src/Routing/Middleware/AssetMiddleware.php:68
- /var/www/html/vendor/cakephp/cakephp/src/Http/Runner.php:73
- /var/www/html/vendor/cakephp/cakephp/src/Error/Middleware/ErrorHandlerMiddleware.php:118
- /var/www/html/vendor/cakephp/cakephp/src/Http/Runner.php:73
- /var/www/html/vendor/cakephp/debug_kit/src/Middleware/DebugKitMiddleware.php:60
- /var/www/html/vendor/cakephp/cakephp/src/Http/Runner.php:73
- /var/www/html/vendor/cakephp/cakephp/src/Http/Runner.php:58
- /var/www/html/vendor/cakephp/cakephp/src/Http/Server.php:90
- /var/www/html/webroot/index.php:40

Request URL: /feeds/edit/2
Referer URL: http://localhost:8080/feeds/edit/2
Client IP: 192.168.80.1


2020-05-07 09:51:23 Error: [Cake\View\Exception\MissingTemplateException] Template file 'Feeds/dcm.php' could not be found.

The following paths were searched:

- /var/www/html/templates/
- /var/www/html/vendor/cakephp/cakephp/templates/
 in Feeds/dcm.php on line 1334
Exception Attributes: array (
  'file' => 'Feeds/dcm.php',
  'paths' => 
  array (
    0 => '/var/www/html/templates/',
    1 => '/var/www/html/vendor/cakephp/cakephp/templates/',
  ),
)
Stack Trace:
- /var/www/html/vendor/cakephp/cakephp/src/View/View.php:747
- /var/www/html/vendor/cakephp/cakephp/src/Controller/Controller.php:691
- /var/www/html/vendor/cakephp/cakephp/src/Controller/Controller.php:533
- /var/www/html/vendor/cakephp/cakephp/src/Controller/ControllerFactory.php:79
- /var/www/html/vendor/cakephp/cakephp/src/Http/BaseApplication.php:229
- /var/www/html/vendor/cakephp/cakephp/src/Http/Runner.php:77
- /var/www/html/vendor/cakephp/cakephp/src/Http/Runner.php:77
- /var/www/html/vendor/cakephp/cakephp/src/Http/Middleware/CsrfProtectionMiddleware.php:132
- /var/www/html/vendor/cakephp/cakephp/src/Http/Runner.php:73
- /var/www/html/vendor/cakephp/cakephp/src/Http/Runner.php:58
- /var/www/html/vendor/cakephp/cakephp/src/Routing/Middleware/RoutingMiddleware.php:162
- /var/www/html/vendor/cakephp/cakephp/src/Http/Runner.php:73
- /var/www/html/vendor/cakephp/cakephp/src/Routing/Middleware/AssetMiddleware.php:68
- /var/www/html/vendor/cakephp/cakephp/src/Http/Runner.php:73
- /var/www/html/vendor/cakephp/cakephp/src/Error/Middleware/ErrorHandlerMiddleware.php:118
- /var/www/html/vendor/cakephp/cakephp/src/Http/Runner.php:73
- /var/www/html/vendor/cakephp/debug_kit/src/Middleware/DebugKitMiddleware.php:60
- /var/www/html/vendor/cakephp/cakephp/src/Http/Runner.php:73
- /var/www/html/vendor/cakephp/cakephp/src/Http/Runner.php:58
- /var/www/html/vendor/cakephp/cakephp/src/Http/Server.php:90
- /var/www/html/webroot/index.php:40

Request URL: /feeds/dcm
Client IP: 192.168.80.1


2020-05-07 09:55:50 Error: [Cake\Controller\Exception\MissingActionException] Action FeedsController::feed() could not be found, or is not accessible. in /var/www/html/vendor/cakephp/cakephp/src/Controller/Controller.php on line 503
Exception Attributes: array (
  'controller' => 'FeedsController',
  'action' => 'feed',
  'prefix' => '',
  'plugin' => NULL,
)
Stack Trace:
- /var/www/html/vendor/cakephp/cakephp/src/Controller/ControllerFactory.php:77
- /var/www/html/vendor/cakephp/cakephp/src/Http/BaseApplication.php:229
- /var/www/html/vendor/cakephp/cakephp/src/Http/Runner.php:77
- /var/www/html/vendor/cakephp/cakephp/src/Http/Runner.php:77
- /var/www/html/vendor/cakephp/cakephp/src/Http/Middleware/CsrfProtectionMiddleware.php:132
- /var/www/html/vendor/cakephp/cakephp/src/Http/Runner.php:73
- /var/www/html/vendor/cakephp/cakephp/src/Http/Runner.php:58
- /var/www/html/vendor/cakephp/cakephp/src/Routing/Middleware/RoutingMiddleware.php:162
- /var/www/html/vendor/cakephp/cakephp/src/Http/Runner.php:73
- /var/www/html/vendor/cakephp/cakephp/src/Routing/Middleware/AssetMiddleware.php:68
- /var/www/html/vendor/cakephp/cakephp/src/Http/Runner.php:73
- /var/www/html/vendor/cakephp/cakephp/src/Error/Middleware/ErrorHandlerMiddleware.php:118
- /var/www/html/vendor/cakephp/cakephp/src/Http/Runner.php:73
- /var/www/html/vendor/cakephp/debug_kit/src/Middleware/DebugKitMiddleware.php:60
- /var/www/html/vendor/cakephp/cakephp/src/Http/Runner.php:73
- /var/www/html/vendor/cakephp/cakephp/src/Http/Runner.php:58
- /var/www/html/vendor/cakephp/cakephp/src/Http/Server.php:90
- /var/www/html/webroot/index.php:40

Request URL: /feeds/feed
Client IP: 192.168.80.1


2020-05-07 09:59:42 Warning: Warning (2): Invalid argument supplied for foreach() in [/var/www/html/templates/Feeds/feed.php, line 84]
Request URL: /feeds/feed
Client IP: 192.168.80.1
Trace:
Cake\Error\BaseErrorHandler::handleError() - CORE/src/Error/BaseErrorHandler.php, line 188
DebugKit\Plugin::DebugKit\{closure}() - ROOT/vendor/cakephp/debug_kit/src/Plugin.php, line 105
include - ROOT/templates/Feeds/feed.php, line 84
Cake\View\View::_evaluate() - CORE/src/View/View.php, line 1163
Cake\View\View::_render() - CORE/src/View/View.php, line 1124
Cake\View\View::render() - CORE/src/View/View.php, line 750
Cake\Controller\Controller::render() - CORE/src/Controller/Controller.php, line 691
Cake\Controller\Controller::invokeAction() - CORE/src/Controller/Controller.php, line 533
Cake\Controller\ControllerFactory::invoke() - CORE/src/Controller/ControllerFactory.php, line 79
Cake\Http\BaseApplication::handle() - CORE/src/Http/BaseApplication.php, line 229
Cake\Http\Runner::handle() - CORE/src/Http/Runner.php, line 77
Cake\Http\Runner::handle() - CORE/src/Http/Runner.php, line 77
Cake\Http\Middleware\CsrfProtectionMiddleware::process() - CORE/src/Http/Middleware/CsrfProtectionMiddleware.php, line 132
Cake\Http\Runner::handle() - CORE/src/Http/Runner.php, line 73
Cake\Http\Runner::run() - CORE/src/Http/Runner.php, line 58
Cake\Routing\Middleware\RoutingMiddleware::process() - CORE/src/Routing/Middleware/RoutingMiddleware.php, line 162
Cake\Http\Runner::handle() - CORE/src/Http/Runner.php, line 73
Cake\Routing\Middleware\AssetMiddleware::process() - CORE/src/Routing/Middleware/AssetMiddleware.php, line 68
Cake\Http\Runner::handle() - CORE/src/Http/Runner.php, line 73
Cake\Error\Middleware\ErrorHandlerMiddleware::process() - CORE/src/Error/Middleware/ErrorHandlerMiddleware.php, line 118
Cake\Http\Runner::handle() - CORE/src/Http/Runner.php, line 73
DebugKit\Middleware\DebugKitMiddleware::process() - ROOT/vendor/cakephp/debug_kit/src/Middleware/DebugKitMiddleware.php, line 60
Cake\Http\Runner::handle() - CORE/src/Http/Runner.php, line 73
Cake\Http\Runner::run() - CORE/src/Http/Runner.php, line 58
Cake\Http\Server::run() - CORE/src/Http/Server.php, line 90
[main] - ROOT/webroot/index.php, line 40



2020-05-07 09:59:43 Error: [TypeError] Argument 1 passed to Cake\Utility\Inflector::tableize() must be of the type string, null given, called in /var/www/html/vendor/cakephp/cakephp/src/View/Helper/PaginatorHelper.php on line 752 in /var/www/html/vendor/cakephp/cakephp/src/Utility/Inflector.php on line 460
Stack Trace:
- /var/www/html/vendor/cakephp/cakephp/src/View/Helper/PaginatorHelper.php:752
- /var/www/html/templates/Feeds/feed.php:108
- /var/www/html/vendor/cakephp/cakephp/src/View/View.php:1163
- /var/www/html/vendor/cakephp/cakephp/src/View/View.php:1124
- /var/www/html/vendor/cakephp/cakephp/src/View/View.php:750
- /var/www/html/vendor/cakephp/cakephp/src/Controller/Controller.php:691
- /var/www/html/vendor/cakephp/cakephp/src/Controller/Controller.php:533
- /var/www/html/vendor/cakephp/cakephp/src/Controller/ControllerFactory.php:79
- /var/www/html/vendor/cakephp/cakephp/src/Http/BaseApplication.php:229
- /var/www/html/vendor/cakephp/cakephp/src/Http/Runner.php:77
- /var/www/html/vendor/cakephp/cakephp/src/Http/Runner.php:77
- /var/www/html/vendor/cakephp/cakephp/src/Http/Middleware/CsrfProtectionMiddleware.php:132
- /var/www/html/vendor/cakephp/cakephp/src/Http/Runner.php:73
- /var/www/html/vendor/cakephp/cakephp/src/Http/Runner.php:58
- /var/www/html/vendor/cakephp/cakephp/src/Routing/Middleware/RoutingMiddleware.php:162
- /var/www/html/vendor/cakephp/cakephp/src/Http/Runner.php:73
- /var/www/html/vendor/cakephp/cakephp/src/Routing/Middleware/AssetMiddleware.php:68
- /var/www/html/vendor/cakephp/cakephp/src/Http/Runner.php:73
- /var/www/html/vendor/cakephp/cakephp/src/Error/Middleware/ErrorHandlerMiddleware.php:118
- /var/www/html/vendor/cakephp/cakephp/src/Http/Runner.php:73
- /var/www/html/vendor/cakephp/debug_kit/src/Middleware/DebugKitMiddleware.php:60
- /var/www/html/vendor/cakephp/cakephp/src/Http/Runner.php:73
- /var/www/html/vendor/cakephp/cakephp/src/Http/Runner.php:58
- /var/www/html/vendor/cakephp/cakephp/src/Http/Server.php:90
- /var/www/html/webroot/index.php:40

Request URL: /feeds/feed
Client IP: 192.168.80.1


2020-05-07 10:08:25 Error: [Cake\Http\Exception\MissingControllerException] Controller class Css could not be found. in /var/www/html/vendor/cakephp/cakephp/src/Controller/ControllerFactory.php on line 158
Exception Attributes: array (
  'class' => 'Css',
  'plugin' => NULL,
  'prefix' => NULL,
  '_ext' => NULL,
)
Stack Trace:
- /var/www/html/vendor/cakephp/cakephp/src/Controller/ControllerFactory.php:46
- /var/www/html/vendor/cakephp/cakephp/src/Http/BaseApplication.php:227
- /var/www/html/vendor/cakephp/cakephp/src/Http/Runner.php:77
- /var/www/html/vendor/cakephp/cakephp/src/Http/Runner.php:77
- /var/www/html/vendor/cakephp/cakephp/src/Http/Middleware/CsrfProtectionMiddleware.php:132
- /var/www/html/vendor/cakephp/cakephp/src/Http/Runner.php:73
- /var/www/html/vendor/cakephp/cakephp/src/Http/Runner.php:58
- /var/www/html/vendor/cakephp/cakephp/src/Routing/Middleware/RoutingMiddleware.php:162
- /var/www/html/vendor/cakephp/cakephp/src/Http/Runner.php:73
- /var/www/html/vendor/cakephp/cakephp/src/Routing/Middleware/AssetMiddleware.php:77
- /var/www/html/vendor/cakephp/cakephp/src/Http/Runner.php:73
- /var/www/html/vendor/cakephp/cakephp/src/Error/Middleware/ErrorHandlerMiddleware.php:118
- /var/www/html/vendor/cakephp/cakephp/src/Http/Runner.php:73
- /var/www/html/vendor/cakephp/debug_kit/src/Middleware/DebugKitMiddleware.php:60
- /var/www/html/vendor/cakephp/cakephp/src/Http/Runner.php:73
- /var/www/html/vendor/cakephp/cakephp/src/Http/Runner.php:58
- /var/www/html/vendor/cakephp/cakephp/src/Http/Server.php:90
- /var/www/html/webroot/index.php:40

Request URL: /css/milligram.min.css.map
Client IP: 192.168.80.1


2020-05-07 10:17:59 Error: [ParseError] syntax error, unexpected '$this' (T_VARIABLE) in /var/www/html/src/Controller/FeedsController.php on line 119
Stack Trace:
- /var/www/html/vendor/composer/ClassLoader.php:322
- spl_autoload_call - [internal], line ??- class_exists - [internal], line ??- /var/www/html/vendor/cakephp/cakephp/src/Core/App.php:161
- /var/www/html/vendor/cakephp/cakephp/src/Core/App.php:67
- /var/www/html/vendor/cakephp/cakephp/src/Controller/ControllerFactory.php:146
- /var/www/html/vendor/cakephp/cakephp/src/Controller/ControllerFactory.php:44
- /var/www/html/vendor/cakephp/cakephp/src/Http/BaseApplication.php:227
- /var/www/html/vendor/cakephp/cakephp/src/Http/Runner.php:77
- /var/www/html/vendor/cakephp/cakephp/src/Http/Runner.php:77
- /var/www/html/vendor/cakephp/cakephp/src/Http/Middleware/CsrfProtectionMiddleware.php:132
- /var/www/html/vendor/cakephp/cakephp/src/Http/Runner.php:73
- /var/www/html/vendor/cakephp/cakephp/src/Http/Runner.php:58
- /var/www/html/vendor/cakephp/cakephp/src/Routing/Middleware/RoutingMiddleware.php:162
- /var/www/html/vendor/cakephp/cakephp/src/Http/Runner.php:73
- /var/www/html/vendor/cakephp/cakephp/src/Routing/Middleware/AssetMiddleware.php:68
- /var/www/html/vendor/cakephp/cakephp/src/Http/Runner.php:73
- /var/www/html/vendor/cakephp/cakephp/src/Error/Middleware/ErrorHandlerMiddleware.php:118
- /var/www/html/vendor/cakephp/cakephp/src/Http/Runner.php:73
- /var/www/html/vendor/cakephp/debug_kit/src/Middleware/DebugKitMiddleware.php:60
- /var/www/html/vendor/cakephp/cakephp/src/Http/Runner.php:73
- /var/www/html/vendor/cakephp/cakephp/src/Http/Runner.php:58
- /var/www/html/vendor/cakephp/cakephp/src/Http/Server.php:90
- /var/www/html/webroot/index.php:40

Request URL: /feeds/feed
Referer URL: http://localhost:8080/feeds/feed
Client IP: 192.168.80.1


2020-05-07 10:19:16 Warning: Warning (2): Invalid argument supplied for foreach() in [/var/www/html/templates/Feeds/feed.php, line 53]
Request URL: /feeds/feed
Referer URL: http://localhost:8080/feeds/feed
Client IP: 192.168.80.1
Trace:
Cake\Error\BaseErrorHandler::handleError() - CORE/src/Error/BaseErrorHandler.php, line 188
include - ROOT/templates/Feeds/feed.php, line 53
Cake\View\View::_evaluate() - CORE/src/View/View.php, line 1163
Cake\View\View::_render() - CORE/src/View/View.php, line 1124
Cake\View\View::render() - CORE/src/View/View.php, line 750
Cake\Controller\Controller::render() - CORE/src/Controller/Controller.php, line 691
Cake\Controller\Controller::invokeAction() - CORE/src/Controller/Controller.php, line 533
Cake\Controller\ControllerFactory::invoke() - CORE/src/Controller/ControllerFactory.php, line 79
Cake\Http\BaseApplication::handle() - CORE/src/Http/BaseApplication.php, line 229
Cake\Http\Runner::handle() - CORE/src/Http/Runner.php, line 77
Cake\Http\Runner::handle() - CORE/src/Http/Runner.php, line 77
Cake\Http\Middleware\CsrfProtectionMiddleware::process() - CORE/src/Http/Middleware/CsrfProtectionMiddleware.php, line 132
Cake\Http\Runner::handle() - CORE/src/Http/Runner.php, line 73
Cake\Http\Runner::run() - CORE/src/Http/Runner.php, line 58
Cake\Routing\Middleware\RoutingMiddleware::process() - CORE/src/Routing/Middleware/RoutingMiddleware.php, line 162
Cake\Http\Runner::handle() - CORE/src/Http/Runner.php, line 73
Cake\Routing\Middleware\AssetMiddleware::process() - CORE/src/Routing/Middleware/AssetMiddleware.php, line 68
Cake\Http\Runner::handle() - CORE/src/Http/Runner.php, line 73
Cake\Error\Middleware\ErrorHandlerMiddleware::process() - CORE/src/Error/Middleware/ErrorHandlerMiddleware.php, line 118
Cake\Http\Runner::handle() - CORE/src/Http/Runner.php, line 73
DebugKit\Middleware\DebugKitMiddleware::process() - ROOT/vendor/cakephp/debug_kit/src/Middleware/DebugKitMiddleware.php, line 60
Cake\Http\Runner::handle() - CORE/src/Http/Runner.php, line 73
Cake\Http\Runner::run() - CORE/src/Http/Runner.php, line 58
Cake\Http\Server::run() - CORE/src/Http/Server.php, line 90
[main] - ROOT/webroot/index.php, line 40



2020-05-07 10:19:16 Error: [TypeError] Argument 1 passed to Cake\Utility\Inflector::tableize() must be of the type string, null given, called in /var/www/html/vendor/cakephp/cakephp/src/View/Helper/PaginatorHelper.php on line 752 in /var/www/html/vendor/cakephp/cakephp/src/Utility/Inflector.php on line 460
Stack Trace:
- /var/www/html/vendor/cakephp/cakephp/src/View/Helper/PaginatorHelper.php:752
- /var/www/html/templates/Feeds/feed.php:77
- /var/www/html/vendor/cakephp/cakephp/src/View/View.php:1163
- /var/www/html/vendor/cakephp/cakephp/src/View/View.php:1124
- /var/www/html/vendor/cakephp/cakephp/src/View/View.php:750
- /var/www/html/vendor/cakephp/cakephp/src/Controller/Controller.php:691
- /var/www/html/vendor/cakephp/cakephp/src/Controller/Controller.php:533
- /var/www/html/vendor/cakephp/cakephp/src/Controller/ControllerFactory.php:79
- /var/www/html/vendor/cakephp/cakephp/src/Http/BaseApplication.php:229
- /var/www/html/vendor/cakephp/cakephp/src/Http/Runner.php:77
- /var/www/html/vendor/cakephp/cakephp/src/Http/Runner.php:77
- /var/www/html/vendor/cakephp/cakephp/src/Http/Middleware/CsrfProtectionMiddleware.php:132
- /var/www/html/vendor/cakephp/cakephp/src/Http/Runner.php:73
- /var/www/html/vendor/cakephp/cakephp/src/Http/Runner.php:58
- /var/www/html/vendor/cakephp/cakephp/src/Routing/Middleware/RoutingMiddleware.php:162
- /var/www/html/vendor/cakephp/cakephp/src/Http/Runner.php:73
- /var/www/html/vendor/cakephp/cakephp/src/Routing/Middleware/AssetMiddleware.php:68
- /var/www/html/vendor/cakephp/cakephp/src/Http/Runner.php:73
- /var/www/html/vendor/cakephp/cakephp/src/Error/Middleware/ErrorHandlerMiddleware.php:118
- /var/www/html/vendor/cakephp/cakephp/src/Http/Runner.php:73
- /var/www/html/vendor/cakephp/debug_kit/src/Middleware/DebugKitMiddleware.php:60
- /var/www/html/vendor/cakephp/cakephp/src/Http/Runner.php:73
- /var/www/html/vendor/cakephp/cakephp/src/Http/Runner.php:58
- /var/www/html/vendor/cakephp/cakephp/src/Http/Server.php:90
- /var/www/html/webroot/index.php:40

Request URL: /feeds/feed
Referer URL: http://localhost:8080/feeds/feed
Client IP: 192.168.80.1


2020-05-07 10:19:17 Warning: Warning (512): Unable to emit headers. Headers sent in file=/var/www/html/vendor/cakephp/cakephp/src/Error/Debugger.php line=831 in [/var/www/html/vendor/cakephp/cakephp/src/Http/ResponseEmitter.php, line 72]
Request URL: /feeds/feed
Referer URL: http://localhost:8080/feeds/feed
Client IP: 192.168.80.1
Trace:
Cake\Error\BaseErrorHandler::handleError() - CORE/src/Error/BaseErrorHandler.php, line 188
Cake\Http\ResponseEmitter::emit() - CORE/src/Http/ResponseEmitter.php, line 72
Cake\Http\Server::emit() - CORE/src/Http/Server.php, line 130
[main] - ROOT/webroot/index.php, line 40



2020-05-07 10:19:17 Warning: Warning (2): Cannot modify header information - headers already sent by (output started at /var/www/html/vendor/cakephp/cakephp/src/Error/Debugger.php:831) in [/var/www/html/vendor/cakephp/cakephp/src/Http/ResponseEmitter.php, line 169]
Request URL: /feeds/feed
Referer URL: http://localhost:8080/feeds/feed
Client IP: 192.168.80.1
Trace:
Cake\Error\BaseErrorHandler::handleError() - CORE/src/Error/BaseErrorHandler.php, line 188
header - [internal], line ??
Cake\Http\ResponseEmitter::emitStatusLine() - CORE/src/Http/ResponseEmitter.php, line 169
Cake\Http\ResponseEmitter::emit() - CORE/src/Http/ResponseEmitter.php, line 75
Cake\Http\Server::emit() - CORE/src/Http/Server.php, line 130
[main] - ROOT/webroot/index.php, line 40



2020-05-07 10:19:17 Warning: Warning (2): Cannot modify header information - headers already sent by (output started at /var/www/html/vendor/cakephp/cakephp/src/Error/Debugger.php:831) in [/var/www/html/vendor/cakephp/cakephp/src/Http/ResponseEmitter.php, line 198]
Request URL: /feeds/feed
Referer URL: http://localhost:8080/feeds/feed
Client IP: 192.168.80.1
Trace:
Cake\Error\BaseErrorHandler::handleError() - CORE/src/Error/BaseErrorHandler.php, line 188
header - [internal], line ??
Cake\Http\ResponseEmitter::emitHeaders() - CORE/src/Http/ResponseEmitter.php, line 198
Cake\Http\ResponseEmitter::emit() - CORE/src/Http/ResponseEmitter.php, line 76
Cake\Http\Server::emit() - CORE/src/Http/Server.php, line 130
[main] - ROOT/webroot/index.php, line 40



2020-05-07 10:19:17 Warning: Warning (2): Cannot modify header information - headers already sent by (output started at /var/www/html/vendor/cakephp/cakephp/src/Error/Debugger.php:831) in [/var/www/html/vendor/cakephp/cakephp/src/Http/ResponseEmitter.php, line 198]
Request URL: /feeds/feed
Referer URL: http://localhost:8080/feeds/feed
Client IP: 192.168.80.1
Trace:
Cake\Error\BaseErrorHandler::handleError() - CORE/src/Error/BaseErrorHandler.php, line 188
header - [internal], line ??
Cake\Http\ResponseEmitter::emitHeaders() - CORE/src/Http/ResponseEmitter.php, line 198
Cake\Http\ResponseEmitter::emit() - CORE/src/Http/ResponseEmitter.php, line 76
Cake\Http\Server::emit() - CORE/src/Http/Server.php, line 130
[main] - ROOT/webroot/index.php, line 40



2020-05-07 10:19:51 Warning: Warning (2): Invalid argument supplied for foreach() in [/var/www/html/templates/Feeds/feed.php, line 53]
Request URL: /feeds/feed
Referer URL: http://localhost:8080/feeds/feed
Client IP: 192.168.80.1
Trace:
Cake\Error\BaseErrorHandler::handleError() - CORE/src/Error/BaseErrorHandler.php, line 188
include - ROOT/templates/Feeds/feed.php, line 53
Cake\View\View::_evaluate() - CORE/src/View/View.php, line 1163
Cake\View\View::_render() - CORE/src/View/View.php, line 1124
Cake\View\View::render() - CORE/src/View/View.php, line 750
Cake\Controller\Controller::render() - CORE/src/Controller/Controller.php, line 691
Cake\Controller\Controller::invokeAction() - CORE/src/Controller/Controller.php, line 533
Cake\Controller\ControllerFactory::invoke() - CORE/src/Controller/ControllerFactory.php, line 79
Cake\Http\BaseApplication::handle() - CORE/src/Http/BaseApplication.php, line 229
Cake\Http\Runner::handle() - CORE/src/Http/Runner.php, line 77
Cake\Http\Runner::handle() - CORE/src/Http/Runner.php, line 77
Cake\Http\Middleware\CsrfProtectionMiddleware::process() - CORE/src/Http/Middleware/CsrfProtectionMiddleware.php, line 132
Cake\Http\Runner::handle() - CORE/src/Http/Runner.php, line 73
Cake\Http\Runner::run() - CORE/src/Http/Runner.php, line 58
Cake\Routing\Middleware\RoutingMiddleware::process() - CORE/src/Routing/Middleware/RoutingMiddleware.php, line 162
Cake\Http\Runner::handle() - CORE/src/Http/Runner.php, line 73
Cake\Routing\Middleware\AssetMiddleware::process() - CORE/src/Routing/Middleware/AssetMiddleware.php, line 68
Cake\Http\Runner::handle() - CORE/src/Http/Runner.php, line 73
Cake\Error\Middleware\ErrorHandlerMiddleware::process() - CORE/src/Error/Middleware/ErrorHandlerMiddleware.php, line 118
Cake\Http\Runner::handle() - CORE/src/Http/Runner.php, line 73
DebugKit\Middleware\DebugKitMiddleware::process() - ROOT/vendor/cakephp/debug_kit/src/Middleware/DebugKitMiddleware.php, line 60
Cake\Http\Runner::handle() - CORE/src/Http/Runner.php, line 73
Cake\Http\Runner::run() - CORE/src/Http/Runner.php, line 58
Cake\Http\Server::run() - CORE/src/Http/Server.php, line 90
[main] - ROOT/webroot/index.php, line 40



2020-05-07 10:19:52 Error: [TypeError] Argument 1 passed to Cake\Utility\Inflector::tableize() must be of the type string, null given, called in /var/www/html/vendor/cakephp/cakephp/src/View/Helper/PaginatorHelper.php on line 752 in /var/www/html/vendor/cakephp/cakephp/src/Utility/Inflector.php on line 460
Stack Trace:
- /var/www/html/vendor/cakephp/cakephp/src/View/Helper/PaginatorHelper.php:752
- /var/www/html/templates/Feeds/feed.php:77
- /var/www/html/vendor/cakephp/cakephp/src/View/View.php:1163
- /var/www/html/vendor/cakephp/cakephp/src/View/View.php:1124
- /var/www/html/vendor/cakephp/cakephp/src/View/View.php:750
- /var/www/html/vendor/cakephp/cakephp/src/Controller/Controller.php:691
- /var/www/html/vendor/cakephp/cakephp/src/Controller/Controller.php:533
- /var/www/html/vendor/cakephp/cakephp/src/Controller/ControllerFactory.php:79
- /var/www/html/vendor/cakephp/cakephp/src/Http/BaseApplication.php:229
- /var/www/html/vendor/cakephp/cakephp/src/Http/Runner.php:77
- /var/www/html/vendor/cakephp/cakephp/src/Http/Runner.php:77
- /var/www/html/vendor/cakephp/cakephp/src/Http/Middleware/CsrfProtectionMiddleware.php:132
- /var/www/html/vendor/cakephp/cakephp/src/Http/Runner.php:73
- /var/www/html/vendor/cakephp/cakephp/src/Http/Runner.php:58
- /var/www/html/vendor/cakephp/cakephp/src/Routing/Middleware/RoutingMiddleware.php:162
- /var/www/html/vendor/cakephp/cakephp/src/Http/Runner.php:73
- /var/www/html/vendor/cakephp/cakephp/src/Routing/Middleware/AssetMiddleware.php:68
- /var/www/html/vendor/cakephp/cakephp/src/Http/Runner.php:73
- /var/www/html/vendor/cakephp/cakephp/src/Error/Middleware/ErrorHandlerMiddleware.php:118
- /var/www/html/vendor/cakephp/cakephp/src/Http/Runner.php:73
- /var/www/html/vendor/cakephp/debug_kit/src/Middleware/DebugKitMiddleware.php:60
- /var/www/html/vendor/cakephp/cakephp/src/Http/Runner.php:73
- /var/www/html/vendor/cakephp/cakephp/src/Http/Runner.php:58
- /var/www/html/vendor/cakephp/cakephp/src/Http/Server.php:90
- /var/www/html/webroot/index.php:40

Request URL: /feeds/feed
Referer URL: http://localhost:8080/feeds/feed
Client IP: 192.168.80.1


2020-05-07 10:19:53 Warning: Warning (512): Unable to emit headers. Headers sent in file=/var/www/html/vendor/cakephp/cakephp/src/Error/Debugger.php line=831 in [/var/www/html/vendor/cakephp/cakephp/src/Http/ResponseEmitter.php, line 72]
Request URL: /feeds/feed
Referer URL: http://localhost:8080/feeds/feed
Client IP: 192.168.80.1
Trace:
Cake\Error\BaseErrorHandler::handleError() - CORE/src/Error/BaseErrorHandler.php, line 188
Cake\Http\ResponseEmitter::emit() - CORE/src/Http/ResponseEmitter.php, line 72
Cake\Http\Server::emit() - CORE/src/Http/Server.php, line 130
[main] - ROOT/webroot/index.php, line 40



2020-05-07 10:19:53 Warning: Warning (2): Cannot modify header information - headers already sent by (output started at /var/www/html/vendor/cakephp/cakephp/src/Error/Debugger.php:831) in [/var/www/html/vendor/cakephp/cakephp/src/Http/ResponseEmitter.php, line 169]
Request URL: /feeds/feed
Referer URL: http://localhost:8080/feeds/feed
Client IP: 192.168.80.1
Trace:
Cake\Error\BaseErrorHandler::handleError() - CORE/src/Error/BaseErrorHandler.php, line 188
header - [internal], line ??
Cake\Http\ResponseEmitter::emitStatusLine() - CORE/src/Http/ResponseEmitter.php, line 169
Cake\Http\ResponseEmitter::emit() - CORE/src/Http/ResponseEmitter.php, line 75
Cake\Http\Server::emit() - CORE/src/Http/Server.php, line 130
[main] - ROOT/webroot/index.php, line 40



2020-05-07 10:19:53 Warning: Warning (2): Cannot modify header information - headers already sent by (output started at /var/www/html/vendor/cakephp/cakephp/src/Error/Debugger.php:831) in [/var/www/html/vendor/cakephp/cakephp/src/Http/ResponseEmitter.php, line 198]
Request URL: /feeds/feed
Referer URL: http://localhost:8080/feeds/feed
Client IP: 192.168.80.1
Trace:
Cake\Error\BaseErrorHandler::handleError() - CORE/src/Error/BaseErrorHandler.php, line 188
header - [internal], line ??
Cake\Http\ResponseEmitter::emitHeaders() - CORE/src/Http/ResponseEmitter.php, line 198
Cake\Http\ResponseEmitter::emit() - CORE/src/Http/ResponseEmitter.php, line 76
Cake\Http\Server::emit() - CORE/src/Http/Server.php, line 130
[main] - ROOT/webroot/index.php, line 40



2020-05-07 10:19:54 Warning: Warning (2): Cannot modify header information - headers already sent by (output started at /var/www/html/vendor/cakephp/cakephp/src/Error/Debugger.php:831) in [/var/www/html/vendor/cakephp/cakephp/src/Http/ResponseEmitter.php, line 198]
Request URL: /feeds/feed
Referer URL: http://localhost:8080/feeds/feed
Client IP: 192.168.80.1
Trace:
Cake\Error\BaseErrorHandler::handleError() - CORE/src/Error/BaseErrorHandler.php, line 188
header - [internal], line ??
Cake\Http\ResponseEmitter::emitHeaders() - CORE/src/Http/ResponseEmitter.php, line 198
Cake\Http\ResponseEmitter::emit() - CORE/src/Http/ResponseEmitter.php, line 76
Cake\Http\Server::emit() - CORE/src/Http/Server.php, line 130
[main] - ROOT/webroot/index.php, line 40



2020-05-07 10:22:51 Error: [TypeError] Argument 1 passed to Cake\Utility\Inflector::tableize() must be of the type string, null given, called in /var/www/html/vendor/cakephp/cakephp/src/View/Helper/PaginatorHelper.php on line 752 in /var/www/html/vendor/cakephp/cakephp/src/Utility/Inflector.php on line 460
Stack Trace:
- /var/www/html/vendor/cakephp/cakephp/src/View/Helper/PaginatorHelper.php:752
- /var/www/html/templates/Feeds/feed.php:77
- /var/www/html/vendor/cakephp/cakephp/src/View/View.php:1163
- /var/www/html/vendor/cakephp/cakephp/src/View/View.php:1124
- /var/www/html/vendor/cakephp/cakephp/src/View/View.php:750
- /var/www/html/vendor/cakephp/cakephp/src/Controller/Controller.php:691
- /var/www/html/vendor/cakephp/cakephp/src/Controller/Controller.php:533
- /var/www/html/vendor/cakephp/cakephp/src/Controller/ControllerFactory.php:79
- /var/www/html/vendor/cakephp/cakephp/src/Http/BaseApplication.php:229
- /var/www/html/vendor/cakephp/cakephp/src/Http/Runner.php:77
- /var/www/html/vendor/cakephp/cakephp/src/Http/Runner.php:77
- /var/www/html/vendor/cakephp/cakephp/src/Http/Middleware/CsrfProtectionMiddleware.php:132
- /var/www/html/vendor/cakephp/cakephp/src/Http/Runner.php:73
- /var/www/html/vendor/cakephp/cakephp/src/Http/Runner.php:58
- /var/www/html/vendor/cakephp/cakephp/src/Routing/Middleware/RoutingMiddleware.php:162
- /var/www/html/vendor/cakephp/cakephp/src/Http/Runner.php:73
- /var/www/html/vendor/cakephp/cakephp/src/Routing/Middleware/AssetMiddleware.php:68
- /var/www/html/vendor/cakephp/cakephp/src/Http/Runner.php:73
- /var/www/html/vendor/cakephp/cakephp/src/Error/Middleware/ErrorHandlerMiddleware.php:118
- /var/www/html/vendor/cakephp/cakephp/src/Http/Runner.php:73
- /var/www/html/vendor/cakephp/debug_kit/src/Middleware/DebugKitMiddleware.php:60
- /var/www/html/vendor/cakephp/cakephp/src/Http/Runner.php:73
- /var/www/html/vendor/cakephp/cakephp/src/Http/Runner.php:58
- /var/www/html/vendor/cakephp/cakephp/src/Http/Server.php:90
- /var/www/html/webroot/index.php:40

Request URL: /feeds/feed
Referer URL: http://localhost:8080/feeds/feed
Client IP: 192.168.80.1


2020-05-07 10:24:20 Error: [TypeError] Argument 1 passed to Cake\Utility\Inflector::tableize() must be of the type string, null given, called in /var/www/html/vendor/cakephp/cakephp/src/View/Helper/PaginatorHelper.php on line 752 in /var/www/html/vendor/cakephp/cakephp/src/Utility/Inflector.php on line 460
Stack Trace:
- /var/www/html/vendor/cakephp/cakephp/src/View/Helper/PaginatorHelper.php:752
- /var/www/html/templates/Feeds/feed.php:77
- /var/www/html/vendor/cakephp/cakephp/src/View/View.php:1163
- /var/www/html/vendor/cakephp/cakephp/src/View/View.php:1124
- /var/www/html/vendor/cakephp/cakephp/src/View/View.php:750
- /var/www/html/vendor/cakephp/cakephp/src/Controller/Controller.php:691
- /var/www/html/vendor/cakephp/cakephp/src/Controller/Controller.php:533
- /var/www/html/vendor/cakephp/cakephp/src/Controller/ControllerFactory.php:79
- /var/www/html/vendor/cakephp/cakephp/src/Http/BaseApplication.php:229
- /var/www/html/vendor/cakephp/cakephp/src/Http/Runner.php:77
- /var/www/html/vendor/cakephp/cakephp/src/Http/Runner.php:77
- /var/www/html/vendor/cakephp/cakephp/src/Http/Middleware/CsrfProtectionMiddleware.php:132
- /var/www/html/vendor/cakephp/cakephp/src/Http/Runner.php:73
- /var/www/html/vendor/cakephp/cakephp/src/Http/Runner.php:58
- /var/www/html/vendor/cakephp/cakephp/src/Routing/Middleware/RoutingMiddleware.php:162
- /var/www/html/vendor/cakephp/cakephp/src/Http/Runner.php:73
- /var/www/html/vendor/cakephp/cakephp/src/Routing/Middleware/AssetMiddleware.php:68
- /var/www/html/vendor/cakephp/cakephp/src/Http/Runner.php:73
- /var/www/html/vendor/cakephp/cakephp/src/Error/Middleware/ErrorHandlerMiddleware.php:118
- /var/www/html/vendor/cakephp/cakephp/src/Http/Runner.php:73
- /var/www/html/vendor/cakephp/debug_kit/src/Middleware/DebugKitMiddleware.php:60
- /var/www/html/vendor/cakephp/cakephp/src/Http/Runner.php:73
- /var/www/html/vendor/cakephp/cakephp/src/Http/Runner.php:58
- /var/www/html/vendor/cakephp/cakephp/src/Http/Server.php:90
- /var/www/html/webroot/index.php:40

Request URL: /feeds/feed
Referer URL: http://localhost:8080/feeds/feed
Client IP: 192.168.80.1


2020-05-14 02:35:19 Error: [Cake\Http\Exception\MissingControllerException] Controller class Feed could not be found. in /var/www/html/vendor/cakephp/cakephp/src/Controller/ControllerFactory.php on line 158
Exception Attributes: array (
  'class' => 'Feed',
  'plugin' => NULL,
  'prefix' => NULL,
  '_ext' => NULL,
)
Stack Trace:
- /var/www/html/vendor/cakephp/cakephp/src/Controller/ControllerFactory.php:46
- /var/www/html/vendor/cakephp/cakephp/src/Http/BaseApplication.php:227
- /var/www/html/vendor/cakephp/cakephp/src/Http/Runner.php:77
- /var/www/html/vendor/cakephp/cakephp/src/Http/Runner.php:77
- /var/www/html/vendor/cakephp/cakephp/src/Http/Middleware/CsrfProtectionMiddleware.php:122
- /var/www/html/vendor/cakephp/cakephp/src/Http/Runner.php:73
- /var/www/html/vendor/cakephp/cakephp/src/Http/Runner.php:58
- /var/www/html/vendor/cakephp/cakephp/src/Routing/Middleware/RoutingMiddleware.php:162
- /var/www/html/vendor/cakephp/cakephp/src/Http/Runner.php:73
- /var/www/html/vendor/cakephp/cakephp/src/Routing/Middleware/AssetMiddleware.php:68
- /var/www/html/vendor/cakephp/cakephp/src/Http/Runner.php:73
- /var/www/html/vendor/cakephp/cakephp/src/Error/Middleware/ErrorHandlerMiddleware.php:118
- /var/www/html/vendor/cakephp/cakephp/src/Http/Runner.php:73
- /var/www/html/vendor/cakephp/debug_kit/src/Middleware/DebugKitMiddleware.php:60
- /var/www/html/vendor/cakephp/cakephp/src/Http/Runner.php:73
- /var/www/html/vendor/cakephp/cakephp/src/Http/Runner.php:58
- /var/www/html/vendor/cakephp/cakephp/src/Http/Server.php:90
- /var/www/html/webroot/index.php:40

Request URL: /feed
Client IP: 192.168.80.1


2020-05-14 02:35:44 Error: [Cake\Controller\Exception\MissingActionException] Action FeedsController::index() could not be found, or is not accessible. in /var/www/html/vendor/cakephp/cakephp/src/Controller/Controller.php on line 503
Exception Attributes: array (
  'controller' => 'FeedsController',
  'action' => 'index',
  'prefix' => '',
  'plugin' => NULL,
)
Stack Trace:
- /var/www/html/vendor/cakephp/cakephp/src/Controller/ControllerFactory.php:77
- /var/www/html/vendor/cakephp/cakephp/src/Http/BaseApplication.php:229
- /var/www/html/vendor/cakephp/cakephp/src/Http/Runner.php:77
- /var/www/html/vendor/cakephp/cakephp/src/Http/Runner.php:77
- /var/www/html/vendor/cakephp/cakephp/src/Http/Middleware/CsrfProtectionMiddleware.php:122
- /var/www/html/vendor/cakephp/cakephp/src/Http/Runner.php:73
- /var/www/html/vendor/cakephp/cakephp/src/Http/Runner.php:58
- /var/www/html/vendor/cakephp/cakephp/src/Routing/Middleware/RoutingMiddleware.php:162
- /var/www/html/vendor/cakephp/cakephp/src/Http/Runner.php:73
- /var/www/html/vendor/cakephp/cakephp/src/Routing/Middleware/AssetMiddleware.php:68
- /var/www/html/vendor/cakephp/cakephp/src/Http/Runner.php:73
- /var/www/html/vendor/cakephp/cakephp/src/Error/Middleware/ErrorHandlerMiddleware.php:118
- /var/www/html/vendor/cakephp/cakephp/src/Http/Runner.php:73
- /var/www/html/vendor/cakephp/debug_kit/src/Middleware/DebugKitMiddleware.php:60
- /var/www/html/vendor/cakephp/cakephp/src/Http/Runner.php:73
- /var/www/html/vendor/cakephp/cakephp/src/Http/Runner.php:58
- /var/www/html/vendor/cakephp/cakephp/src/Http/Server.php:90
- /var/www/html/webroot/index.php:40

Request URL: /feeds
Client IP: 192.168.80.1


2020-05-14 02:42:56 Error: [Cake\Http\Exception\MissingControllerException] Controller class Chat could not be found. in /var/www/html/vendor/cakephp/cakephp/src/Controller/ControllerFactory.php on line 158
Exception Attributes: array (
  'class' => 'Chat',
  'plugin' => NULL,
  'prefix' => NULL,
  '_ext' => NULL,
)
Stack Trace:
- /var/www/html/vendor/cakephp/cakephp/src/Controller/ControllerFactory.php:46
- /var/www/html/vendor/cakephp/cakephp/src/Http/BaseApplication.php:227
- /var/www/html/vendor/cakephp/cakephp/src/Http/Runner.php:77
- /var/www/html/vendor/cakephp/cakephp/src/Http/Runner.php:77
- /var/www/html/vendor/cakephp/cakephp/src/Http/Middleware/CsrfProtectionMiddleware.php:132
- /var/www/html/vendor/cakephp/cakephp/src/Http/Runner.php:73
- /var/www/html/vendor/cakephp/cakephp/src/Http/Runner.php:58
- /var/www/html/vendor/cakephp/cakephp/src/Routing/Middleware/RoutingMiddleware.php:162
- /var/www/html/vendor/cakephp/cakephp/src/Http/Runner.php:73
- /var/www/html/vendor/cakephp/cakephp/src/Routing/Middleware/AssetMiddleware.php:68
- /var/www/html/vendor/cakephp/cakephp/src/Http/Runner.php:73
- /var/www/html/vendor/cakephp/cakephp/src/Error/Middleware/ErrorHandlerMiddleware.php:118
- /var/www/html/vendor/cakephp/cakephp/src/Http/Runner.php:73
- /var/www/html/vendor/cakephp/debug_kit/src/Middleware/DebugKitMiddleware.php:60
- /var/www/html/vendor/cakephp/cakephp/src/Http/Runner.php:73
- /var/www/html/vendor/cakephp/cakephp/src/Http/Runner.php:58
- /var/www/html/vendor/cakephp/cakephp/src/Http/Server.php:90
- /var/www/html/webroot/index.php:40

Request URL: /Chat
Client IP: 192.168.80.1


2020-05-14 02:43:13 Error: [Cake\Controller\Exception\MissingActionException] Action FeedsController::index() could not be found, or is not accessible. in /var/www/html/vendor/cakephp/cakephp/src/Controller/Controller.php on line 503
Exception Attributes: array (
  'controller' => 'FeedsController',
  'action' => 'index',
  'prefix' => '',
  'plugin' => NULL,
)
Stack Trace:
- /var/www/html/vendor/cakephp/cakephp/src/Controller/ControllerFactory.php:77
- /var/www/html/vendor/cakephp/cakephp/src/Http/BaseApplication.php:229
- /var/www/html/vendor/cakephp/cakephp/src/Http/Runner.php:77
- /var/www/html/vendor/cakephp/cakephp/src/Http/Runner.php:77
- /var/www/html/vendor/cakephp/cakephp/src/Http/Middleware/CsrfProtectionMiddleware.php:132
- /var/www/html/vendor/cakephp/cakephp/src/Http/Runner.php:73
- /var/www/html/vendor/cakephp/cakephp/src/Http/Runner.php:58
- /var/www/html/vendor/cakephp/cakephp/src/Routing/Middleware/RoutingMiddleware.php:162
- /var/www/html/vendor/cakephp/cakephp/src/Http/Runner.php:73
- /var/www/html/vendor/cakephp/cakephp/src/Routing/Middleware/AssetMiddleware.php:68
- /var/www/html/vendor/cakephp/cakephp/src/Http/Runner.php:73
- /var/www/html/vendor/cakephp/cakephp/src/Error/Middleware/ErrorHandlerMiddleware.php:118
- /var/www/html/vendor/cakephp/cakephp/src/Http/Runner.php:73
- /var/www/html/vendor/cakephp/debug_kit/src/Middleware/DebugKitMiddleware.php:60
- /var/www/html/vendor/cakephp/cakephp/src/Http/Runner.php:73
- /var/www/html/vendor/cakephp/cakephp/src/Http/Runner.php:58
- /var/www/html/vendor/cakephp/cakephp/src/Http/Server.php:90
- /var/www/html/webroot/index.php:40

Request URL: /feeds
Client IP: 192.168.80.1


2020-05-14 02:43:31 Error: [Cake\Http\Exception\MissingControllerException] Controller class Add could not be found. in /var/www/html/vendor/cakephp/cakephp/src/Controller/ControllerFactory.php on line 158
Exception Attributes: array (
  'class' => 'Add',
  'plugin' => NULL,
  'prefix' => NULL,
  '_ext' => NULL,
)
Stack Trace:
- /var/www/html/vendor/cakephp/cakephp/src/Controller/ControllerFactory.php:46
- /var/www/html/vendor/cakephp/cakephp/src/Http/BaseApplication.php:227
- /var/www/html/vendor/cakephp/cakephp/src/Http/Runner.php:77
- /var/www/html/vendor/cakephp/cakephp/src/Http/Runner.php:77
- /var/www/html/vendor/cakephp/cakephp/src/Http/Middleware/CsrfProtectionMiddleware.php:132
- /var/www/html/vendor/cakephp/cakephp/src/Http/Runner.php:73
- /var/www/html/vendor/cakephp/cakephp/src/Http/Runner.php:58
- /var/www/html/vendor/cakephp/cakephp/src/Routing/Middleware/RoutingMiddleware.php:162
- /var/www/html/vendor/cakephp/cakephp/src/Http/Runner.php:73
- /var/www/html/vendor/cakephp/cakephp/src/Routing/Middleware/AssetMiddleware.php:68
- /var/www/html/vendor/cakephp/cakephp/src/Http/Runner.php:73
- /var/www/html/vendor/cakephp/cakephp/src/Error/Middleware/ErrorHandlerMiddleware.php:118
- /var/www/html/vendor/cakephp/cakephp/src/Http/Runner.php:73
- /var/www/html/vendor/cakephp/debug_kit/src/Middleware/DebugKitMiddleware.php:60
- /var/www/html/vendor/cakephp/cakephp/src/Http/Runner.php:73
- /var/www/html/vendor/cakephp/cakephp/src/Http/Runner.php:58
- /var/www/html/vendor/cakephp/cakephp/src/Http/Server.php:90
- /var/www/html/webroot/index.php:40

Request URL: /add
Client IP: 192.168.80.1


2020-05-14 02:43:52 Error: [Cake\Controller\Exception\MissingActionException] Action FeedsController::index() could not be found, or is not accessible. in /var/www/html/vendor/cakephp/cakephp/src/Controller/Controller.php on line 503
Exception Attributes: array (
  'controller' => 'FeedsController',
  'action' => 'index',
  'prefix' => '',
  'plugin' => NULL,
)
Stack Trace:
- /var/www/html/vendor/cakephp/cakephp/src/Controller/ControllerFactory.php:77
- /var/www/html/vendor/cakephp/cakephp/src/Http/BaseApplication.php:229
- /var/www/html/vendor/cakephp/cakephp/src/Http/Runner.php:77
- /var/www/html/vendor/cakephp/cakephp/src/Http/Runner.php:77
- /var/www/html/vendor/cakephp/cakephp/src/Http/Middleware/CsrfProtectionMiddleware.php:132
- /var/www/html/vendor/cakephp/cakephp/src/Http/Runner.php:73
- /var/www/html/vendor/cakephp/cakephp/src/Http/Runner.php:58
- /var/www/html/vendor/cakephp/cakephp/src/Routing/Middleware/RoutingMiddleware.php:162
- /var/www/html/vendor/cakephp/cakephp/src/Http/Runner.php:73
- /var/www/html/vendor/cakephp/cakephp/src/Routing/Middleware/AssetMiddleware.php:68
- /var/www/html/vendor/cakephp/cakephp/src/Http/Runner.php:73
- /var/www/html/vendor/cakephp/cakephp/src/Error/Middleware/ErrorHandlerMiddleware.php:118
- /var/www/html/vendor/cakephp/cakephp/src/Http/Runner.php:73
- /var/www/html/vendor/cakephp/debug_kit/src/Middleware/DebugKitMiddleware.php:60
- /var/www/html/vendor/cakephp/cakephp/src/Http/Runner.php:73
- /var/www/html/vendor/cakephp/cakephp/src/Http/Runner.php:58
- /var/www/html/vendor/cakephp/cakephp/src/Http/Server.php:90
- /var/www/html/webroot/index.php:40

Request URL: /feeds
Client IP: 192.168.80.1


2020-05-14 02:45:53 Error: [Cake\Controller\Exception\MissingActionException] Action FeedsController::index() could not be found, or is not accessible. in /var/www/html/vendor/cakephp/cakephp/src/Controller/Controller.php on line 503
Exception Attributes: array (
  'controller' => 'FeedsController',
  'action' => 'index',
  'prefix' => '',
  'plugin' => NULL,
)
Stack Trace:
- /var/www/html/vendor/cakephp/cakephp/src/Controller/ControllerFactory.php:77
- /var/www/html/vendor/cakephp/cakephp/src/Http/BaseApplication.php:229
- /var/www/html/vendor/cakephp/cakephp/src/Http/Runner.php:77
- /var/www/html/vendor/cakephp/cakephp/src/Http/Runner.php:77
- /var/www/html/vendor/cakephp/cakephp/src/Http/Middleware/CsrfProtectionMiddleware.php:132
- /var/www/html/vendor/cakephp/cakephp/src/Http/Runner.php:73
- /var/www/html/vendor/cakephp/cakephp/src/Http/Runner.php:58
- /var/www/html/vendor/cakephp/cakephp/src/Routing/Middleware/RoutingMiddleware.php:162
- /var/www/html/vendor/cakephp/cakephp/src/Http/Runner.php:73
- /var/www/html/vendor/cakephp/cakephp/src/Routing/Middleware/AssetMiddleware.php:68
- /var/www/html/vendor/cakephp/cakephp/src/Http/Runner.php:73
- /var/www/html/vendor/cakephp/cakephp/src/Error/Middleware/ErrorHandlerMiddleware.php:118
- /var/www/html/vendor/cakephp/cakephp/src/Http/Runner.php:73
- /var/www/html/vendor/cakephp/debug_kit/src/Middleware/DebugKitMiddleware.php:60
- /var/www/html/vendor/cakephp/cakephp/src/Http/Runner.php:73
- /var/www/html/vendor/cakephp/cakephp/src/Http/Runner.php:58
- /var/www/html/vendor/cakephp/cakephp/src/Http/Server.php:90
- /var/www/html/webroot/index.php:40

Request URL: /feeds/
Client IP: 192.168.80.1


2020-05-14 02:47:08 Error: [Cake\Controller\Exception\MissingActionException] Action FeedsController::feed() could not be found, or is not accessible. in /var/www/html/vendor/cakephp/cakephp/src/Controller/Controller.php on line 503
Exception Attributes: array (
  'controller' => 'FeedsController',
  'action' => 'feed',
  'prefix' => '',
  'plugin' => NULL,
)
Stack Trace:
- /var/www/html/vendor/cakephp/cakephp/src/Controller/ControllerFactory.php:77
- /var/www/html/vendor/cakephp/cakephp/src/Http/BaseApplication.php:229
- /var/www/html/vendor/cakephp/cakephp/src/Http/Runner.php:77
- /var/www/html/vendor/cakephp/cakephp/src/Http/Runner.php:77
- /var/www/html/vendor/cakephp/cakephp/src/Http/Middleware/CsrfProtectionMiddleware.php:132
- /var/www/html/vendor/cakephp/cakephp/src/Http/Runner.php:73
- /var/www/html/vendor/cakephp/cakephp/src/Http/Runner.php:58
- /var/www/html/vendor/cakephp/cakephp/src/Routing/Middleware/RoutingMiddleware.php:162
- /var/www/html/vendor/cakephp/cakephp/src/Http/Runner.php:73
- /var/www/html/vendor/cakephp/cakephp/src/Routing/Middleware/AssetMiddleware.php:68
- /var/www/html/vendor/cakephp/cakephp/src/Http/Runner.php:73
- /var/www/html/vendor/cakephp/cakephp/src/Error/Middleware/ErrorHandlerMiddleware.php:118
- /var/www/html/vendor/cakephp/cakephp/src/Http/Runner.php:73
- /var/www/html/vendor/cakephp/debug_kit/src/Middleware/DebugKitMiddleware.php:60
- /var/www/html/vendor/cakephp/cakephp/src/Http/Runner.php:73
- /var/www/html/vendor/cakephp/cakephp/src/Http/Runner.php:58
- /var/www/html/vendor/cakephp/cakephp/src/Http/Server.php:90
- /var/www/html/webroot/index.php:40

Request URL: /feeds/feed
Referer URL: http://localhost:8080/feeds/
Client IP: 192.168.80.1


2020-05-14 02:56:16 Error: [Cake\View\Exception\MissingTemplateException] Template file 'Feeds/edit.php' could not be found.

The following paths were searched:

- /var/www/html/templates/
- /var/www/html/vendor/cakephp/cakephp/templates/
 in Feeds/edit.php on line 1334
Exception Attributes: array (
  'file' => 'Feeds/edit.php',
  'paths' => 
  array (
    0 => '/var/www/html/templates/',
    1 => '/var/www/html/vendor/cakephp/cakephp/templates/',
  ),
)
Stack Trace:
- /var/www/html/vendor/cakephp/cakephp/src/View/View.php:747
- /var/www/html/vendor/cakephp/cakephp/src/Controller/Controller.php:691
- /var/www/html/vendor/cakephp/cakephp/src/Controller/Controller.php:533
- /var/www/html/vendor/cakephp/cakephp/src/Controller/ControllerFactory.php:79
- /var/www/html/vendor/cakephp/cakephp/src/Http/BaseApplication.php:229
- /var/www/html/vendor/cakephp/cakephp/src/Http/Runner.php:77
- /var/www/html/vendor/cakephp/cakephp/src/Http/Runner.php:77
- /var/www/html/vendor/cakephp/cakephp/src/Http/Middleware/CsrfProtectionMiddleware.php:132
- /var/www/html/vendor/cakephp/cakephp/src/Http/Runner.php:73
- /var/www/html/vendor/cakephp/cakephp/src/Http/Runner.php:58
- /var/www/html/vendor/cakephp/cakephp/src/Routing/Middleware/RoutingMiddleware.php:162
- /var/www/html/vendor/cakephp/cakephp/src/Http/Runner.php:73
- /var/www/html/vendor/cakephp/cakephp/src/Routing/Middleware/AssetMiddleware.php:68
- /var/www/html/vendor/cakephp/cakephp/src/Http/Runner.php:73
- /var/www/html/vendor/cakephp/cakephp/src/Error/Middleware/ErrorHandlerMiddleware.php:118
- /var/www/html/vendor/cakephp/cakephp/src/Http/Runner.php:73
- /var/www/html/vendor/cakephp/debug_kit/src/Middleware/DebugKitMiddleware.php:60
- /var/www/html/vendor/cakephp/cakephp/src/Http/Runner.php:73
- /var/www/html/vendor/cakephp/cakephp/src/Http/Runner.php:58
- /var/www/html/vendor/cakephp/cakephp/src/Http/Server.php:90
- /var/www/html/webroot/index.php:40

Request URL: /feeds/edit/5
Referer URL: http://localhost:8080/feeds/view/5
Client IP: 192.168.80.1


2020-05-14 02:56:26 Error: [Cake\View\Exception\MissingTemplateException] Template file 'Feeds/edit.php' could not be found.

The following paths were searched:

- /var/www/html/templates/
- /var/www/html/vendor/cakephp/cakephp/templates/
 in Feeds/edit.php on line 1334
Exception Attributes: array (
  'file' => 'Feeds/edit.php',
  'paths' => 
  array (
    0 => '/var/www/html/templates/',
    1 => '/var/www/html/vendor/cakephp/cakephp/templates/',
  ),
)
Stack Trace:
- /var/www/html/vendor/cakephp/cakephp/src/View/View.php:747
- /var/www/html/vendor/cakephp/cakephp/src/Controller/Controller.php:691
- /var/www/html/vendor/cakephp/cakephp/src/Controller/Controller.php:533
- /var/www/html/vendor/cakephp/cakephp/src/Controller/ControllerFactory.php:79
- /var/www/html/vendor/cakephp/cakephp/src/Http/BaseApplication.php:229
- /var/www/html/vendor/cakephp/cakephp/src/Http/Runner.php:77
- /var/www/html/vendor/cakephp/cakephp/src/Http/Runner.php:77
- /var/www/html/vendor/cakephp/cakephp/src/Http/Middleware/CsrfProtectionMiddleware.php:132
- /var/www/html/vendor/cakephp/cakephp/src/Http/Runner.php:73
- /var/www/html/vendor/cakephp/cakephp/src/Http/Runner.php:58
- /var/www/html/vendor/cakephp/cakephp/src/Routing/Middleware/RoutingMiddleware.php:162
- /var/www/html/vendor/cakephp/cakephp/src/Http/Runner.php:73
- /var/www/html/vendor/cakephp/cakephp/src/Routing/Middleware/AssetMiddleware.php:68
- /var/www/html/vendor/cakephp/cakephp/src/Http/Runner.php:73
- /var/www/html/vendor/cakephp/cakephp/src/Error/Middleware/ErrorHandlerMiddleware.php:118
- /var/www/html/vendor/cakephp/cakephp/src/Http/Runner.php:73
- /var/www/html/vendor/cakephp/debug_kit/src/Middleware/DebugKitMiddleware.php:60
- /var/www/html/vendor/cakephp/cakephp/src/Http/Runner.php:73
- /var/www/html/vendor/cakephp/cakephp/src/Http/Runner.php:58
- /var/www/html/vendor/cakephp/cakephp/src/Http/Server.php:90
- /var/www/html/webroot/index.php:40

Request URL: /feeds/edit/5
Referer URL: http://localhost:8080/feeds/view/5
Client IP: 192.168.80.1


2020-05-14 02:57:49 Error: [Cake\Controller\Exception\MissingActionException] Action FeedsController::index() could not be found, or is not accessible. in /var/www/html/vendor/cakephp/cakephp/src/Controller/Controller.php on line 503
Exception Attributes: array (
  'controller' => 'FeedsController',
  'action' => 'index',
  'prefix' => '',
  'plugin' => NULL,
)
Stack Trace:
- /var/www/html/vendor/cakephp/cakephp/src/Controller/ControllerFactory.php:77
- /var/www/html/vendor/cakephp/cakephp/src/Http/BaseApplication.php:229
- /var/www/html/vendor/cakephp/cakephp/src/Http/Runner.php:77
- /var/www/html/vendor/cakephp/cakephp/src/Http/Runner.php:77
- /var/www/html/vendor/cakephp/cakephp/src/Http/Middleware/CsrfProtectionMiddleware.php:132
- /var/www/html/vendor/cakephp/cakephp/src/Http/Runner.php:73
- /var/www/html/vendor/cakephp/cakephp/src/Http/Runner.php:58
- /var/www/html/vendor/cakephp/cakephp/src/Routing/Middleware/RoutingMiddleware.php:162
- /var/www/html/vendor/cakephp/cakephp/src/Http/Runner.php:73
- /var/www/html/vendor/cakephp/cakephp/src/Routing/Middleware/AssetMiddleware.php:68
- /var/www/html/vendor/cakephp/cakephp/src/Http/Runner.php:73
- /var/www/html/vendor/cakephp/cakephp/src/Error/Middleware/ErrorHandlerMiddleware.php:118
- /var/www/html/vendor/cakephp/cakephp/src/Http/Runner.php:73
- /var/www/html/vendor/cakephp/debug_kit/src/Middleware/DebugKitMiddleware.php:60
- /var/www/html/vendor/cakephp/cakephp/src/Http/Runner.php:73
- /var/www/html/vendor/cakephp/cakephp/src/Http/Runner.php:58
- /var/www/html/vendor/cakephp/cakephp/src/Http/Server.php:90
- /var/www/html/webroot/index.php:40

Request URL: /feeds
Referer URL: http://localhost:8080/feeds/edit/5
Client IP: 192.168.80.1


2020-05-14 02:58:55 Error: [Cake\Controller\Exception\MissingActionException] Action FeedsController::index() could not be found, or is not accessible. in /var/www/html/vendor/cakephp/cakephp/src/Controller/Controller.php on line 503
Exception Attributes: array (
  'controller' => 'FeedsController',
  'action' => 'index',
  'prefix' => '',
  'plugin' => NULL,
)
Stack Trace:
- /var/www/html/vendor/cakephp/cakephp/src/Controller/ControllerFactory.php:77
- /var/www/html/vendor/cakephp/cakephp/src/Http/BaseApplication.php:229
- /var/www/html/vendor/cakephp/cakephp/src/Http/Runner.php:77
- /var/www/html/vendor/cakephp/cakephp/src/Http/Runner.php:77
- /var/www/html/vendor/cakephp/cakephp/src/Http/Middleware/CsrfProtectionMiddleware.php:132
- /var/www/html/vendor/cakephp/cakephp/src/Http/Runner.php:73
- /var/www/html/vendor/cakephp/cakephp/src/Http/Runner.php:58
- /var/www/html/vendor/cakephp/cakephp/src/Routing/Middleware/RoutingMiddleware.php:162
- /var/www/html/vendor/cakephp/cakephp/src/Http/Runner.php:73
- /var/www/html/vendor/cakephp/cakephp/src/Routing/Middleware/AssetMiddleware.php:68
- /var/www/html/vendor/cakephp/cakephp/src/Http/Runner.php:73
- /var/www/html/vendor/cakephp/cakephp/src/Error/Middleware/ErrorHandlerMiddleware.php:118
- /var/www/html/vendor/cakephp/cakephp/src/Http/Runner.php:73
- /var/www/html/vendor/cakephp/debug_kit/src/Middleware/DebugKitMiddleware.php:60
- /var/www/html/vendor/cakephp/cakephp/src/Http/Runner.php:73
- /var/www/html/vendor/cakephp/cakephp/src/Http/Runner.php:58
- /var/www/html/vendor/cakephp/cakephp/src/Http/Server.php:90
- /var/www/html/webroot/index.php:40

Request URL: /feeds
Client IP: 192.168.80.1


2020-05-14 02:58:59 Error: [Cake\Datasource\Exception\RecordNotFoundException] Record not found in table "feeds" in /var/www/html/vendor/cakephp/cakephp/src/Datasource/QueryTrait.php on line 458
Stack Trace:
- /var/www/html/vendor/cakephp/cakephp/src/ORM/Table.php:1501
- /var/www/html/src/Controller/FeedsController.php:35
- /var/www/html/vendor/cakephp/cakephp/src/Controller/Controller.php:524
- /var/www/html/vendor/cakephp/cakephp/src/Controller/ControllerFactory.php:79
- /var/www/html/vendor/cakephp/cakephp/src/Http/BaseApplication.php:229
- /var/www/html/vendor/cakephp/cakephp/src/Http/Runner.php:77
- /var/www/html/vendor/cakephp/cakephp/src/Http/Runner.php:77
- /var/www/html/vendor/cakephp/cakephp/src/Http/Middleware/CsrfProtectionMiddleware.php:132
- /var/www/html/vendor/cakephp/cakephp/src/Http/Runner.php:73
- /var/www/html/vendor/cakephp/cakephp/src/Http/Runner.php:58
- /var/www/html/vendor/cakephp/cakephp/src/Routing/Middleware/RoutingMiddleware.php:162
- /var/www/html/vendor/cakephp/cakephp/src/Http/Runner.php:73
- /var/www/html/vendor/cakephp/cakephp/src/Routing/Middleware/AssetMiddleware.php:68
- /var/www/html/vendor/cakephp/cakephp/src/Http/Runner.php:73
- /var/www/html/vendor/cakephp/cakephp/src/Error/Middleware/ErrorHandlerMiddleware.php:118
- /var/www/html/vendor/cakephp/cakephp/src/Http/Runner.php:73
- /var/www/html/vendor/cakephp/debug_kit/src/Middleware/DebugKitMiddleware.php:60
- /var/www/html/vendor/cakephp/cakephp/src/Http/Runner.php:73
- /var/www/html/vendor/cakephp/cakephp/src/Http/Runner.php:58
- /var/www/html/vendor/cakephp/cakephp/src/Http/Server.php:90
- /var/www/html/webroot/index.php:40

Request URL: /feeds/edit/5
Client IP: 192.168.80.1


2020-05-14 02:59:01 Error: [Cake\Datasource\Exception\RecordNotFoundException] Record not found in table "feeds" in /var/www/html/vendor/cakephp/cakephp/src/Datasource/QueryTrait.php on line 458
Stack Trace:
- /var/www/html/vendor/cakephp/cakephp/src/ORM/Table.php:1501
- /var/www/html/src/Controller/FeedsController.php:35
- /var/www/html/vendor/cakephp/cakephp/src/Controller/Controller.php:524
- /var/www/html/vendor/cakephp/cakephp/src/Controller/ControllerFactory.php:79
- /var/www/html/vendor/cakephp/cakephp/src/Http/BaseApplication.php:229
- /var/www/html/vendor/cakephp/cakephp/src/Http/Runner.php:77
- /var/www/html/vendor/cakephp/cakephp/src/Http/Runner.php:77
- /var/www/html/vendor/cakephp/cakephp/src/Http/Middleware/CsrfProtectionMiddleware.php:132
- /var/www/html/vendor/cakephp/cakephp/src/Http/Runner.php:73
- /var/www/html/vendor/cakephp/cakephp/src/Http/Runner.php:58
- /var/www/html/vendor/cakephp/cakephp/src/Routing/Middleware/RoutingMiddleware.php:162
- /var/www/html/vendor/cakephp/cakephp/src/Http/Runner.php:73
- /var/www/html/vendor/cakephp/cakephp/src/Routing/Middleware/AssetMiddleware.php:68
- /var/www/html/vendor/cakephp/cakephp/src/Http/Runner.php:73
- /var/www/html/vendor/cakephp/cakephp/src/Error/Middleware/ErrorHandlerMiddleware.php:118
- /var/www/html/vendor/cakephp/cakephp/src/Http/Runner.php:73
- /var/www/html/vendor/cakephp/debug_kit/src/Middleware/DebugKitMiddleware.php:60
- /var/www/html/vendor/cakephp/cakephp/src/Http/Runner.php:73
- /var/www/html/vendor/cakephp/cakephp/src/Http/Runner.php:58
- /var/www/html/vendor/cakephp/cakephp/src/Http/Server.php:90
- /var/www/html/webroot/index.php:40

Request URL: /feeds/edit/5
Client IP: 192.168.80.1


2020-05-14 02:59:09 Error: [Cake\Datasource\Exception\RecordNotFoundException] Record not found in table "feeds" in /var/www/html/vendor/cakephp/cakephp/src/Datasource/QueryTrait.php on line 458
Stack Trace:
- /var/www/html/vendor/cakephp/cakephp/src/ORM/Table.php:1501
- /var/www/html/src/Controller/FeedsController.php:35
- /var/www/html/vendor/cakephp/cakephp/src/Controller/Controller.php:524
- /var/www/html/vendor/cakephp/cakephp/src/Controller/ControllerFactory.php:79
- /var/www/html/vendor/cakephp/cakephp/src/Http/BaseApplication.php:229
- /var/www/html/vendor/cakephp/cakephp/src/Http/Runner.php:77
- /var/www/html/vendor/cakephp/cakephp/src/Http/Runner.php:77
- /var/www/html/vendor/cakephp/cakephp/src/Http/Middleware/CsrfProtectionMiddleware.php:132
- /var/www/html/vendor/cakephp/cakephp/src/Http/Runner.php:73
- /var/www/html/vendor/cakephp/cakephp/src/Http/Runner.php:58
- /var/www/html/vendor/cakephp/cakephp/src/Routing/Middleware/RoutingMiddleware.php:162
- /var/www/html/vendor/cakephp/cakephp/src/Http/Runner.php:73
- /var/www/html/vendor/cakephp/cakephp/src/Routing/Middleware/AssetMiddleware.php:68
- /var/www/html/vendor/cakephp/cakephp/src/Http/Runner.php:73
- /var/www/html/vendor/cakephp/cakephp/src/Error/Middleware/ErrorHandlerMiddleware.php:118
- /var/www/html/vendor/cakephp/cakephp/src/Http/Runner.php:73
- /var/www/html/vendor/cakephp/debug_kit/src/Middleware/DebugKitMiddleware.php:60
- /var/www/html/vendor/cakephp/cakephp/src/Http/Runner.php:73
- /var/www/html/vendor/cakephp/cakephp/src/Http/Runner.php:58
- /var/www/html/vendor/cakephp/cakephp/src/Http/Server.php:90
- /var/www/html/webroot/index.php:40

Request URL: /feeds/edit/5
Client IP: 192.168.80.1


2020-05-14 02:59:39 Error: [Cake\Controller\Exception\MissingActionException] Action FeedsController::index() could not be found, or is not accessible. in /var/www/html/vendor/cakephp/cakephp/src/Controller/Controller.php on line 503
Exception Attributes: array (
  'controller' => 'FeedsController',
  'action' => 'index',
  'prefix' => '',
  'plugin' => NULL,
)
Stack Trace:
- /var/www/html/vendor/cakephp/cakephp/src/Controller/ControllerFactory.php:77
- /var/www/html/vendor/cakephp/cakephp/src/Http/BaseApplication.php:229
- /var/www/html/vendor/cakephp/cakephp/src/Http/Runner.php:77
- /var/www/html/vendor/cakephp/cakephp/src/Http/Runner.php:77
- /var/www/html/vendor/cakephp/cakephp/src/Http/Middleware/CsrfProtectionMiddleware.php:132
- /var/www/html/vendor/cakephp/cakephp/src/Http/Runner.php:73
- /var/www/html/vendor/cakephp/cakephp/src/Http/Runner.php:58
- /var/www/html/vendor/cakephp/cakephp/src/Routing/Middleware/RoutingMiddleware.php:162
- /var/www/html/vendor/cakephp/cakephp/src/Http/Runner.php:73
- /var/www/html/vendor/cakephp/cakephp/src/Routing/Middleware/AssetMiddleware.php:68
- /var/www/html/vendor/cakephp/cakephp/src/Http/Runner.php:73
- /var/www/html/vendor/cakephp/cakephp/src/Error/Middleware/ErrorHandlerMiddleware.php:118
- /var/www/html/vendor/cakephp/cakephp/src/Http/Runner.php:73
- /var/www/html/vendor/cakephp/debug_kit/src/Middleware/DebugKitMiddleware.php:60
- /var/www/html/vendor/cakephp/cakephp/src/Http/Runner.php:73
- /var/www/html/vendor/cakephp/cakephp/src/Http/Runner.php:58
- /var/www/html/vendor/cakephp/cakephp/src/Http/Server.php:90
- /var/www/html/webroot/index.php:40

Request URL: /feeds
Referer URL: http://localhost:8080/feeds/edit/3
Client IP: 192.168.80.1


2020-05-14 03:00:48 Error: [Cake\Controller\Exception\MissingActionException] Action FeedsController::index() could not be found, or is not accessible. in /var/www/html/vendor/cakephp/cakephp/src/Controller/Controller.php on line 503
Exception Attributes: array (
  'controller' => 'FeedsController',
  'action' => 'index',
  'prefix' => '',
  'plugin' => NULL,
)
Stack Trace:
- /var/www/html/vendor/cakephp/cakephp/src/Controller/ControllerFactory.php:77
- /var/www/html/vendor/cakephp/cakephp/src/Http/BaseApplication.php:229
- /var/www/html/vendor/cakephp/cakephp/src/Http/Runner.php:77
- /var/www/html/vendor/cakephp/cakephp/src/Http/Runner.php:77
- /var/www/html/vendor/cakephp/cakephp/src/Http/Middleware/CsrfProtectionMiddleware.php:132
- /var/www/html/vendor/cakephp/cakephp/src/Http/Runner.php:73
- /var/www/html/vendor/cakephp/cakephp/src/Http/Runner.php:58
- /var/www/html/vendor/cakephp/cakephp/src/Routing/Middleware/RoutingMiddleware.php:162
- /var/www/html/vendor/cakephp/cakephp/src/Http/Runner.php:73
- /var/www/html/vendor/cakephp/cakephp/src/Routing/Middleware/AssetMiddleware.php:68
- /var/www/html/vendor/cakephp/cakephp/src/Http/Runner.php:73
- /var/www/html/vendor/cakephp/cakephp/src/Error/Middleware/ErrorHandlerMiddleware.php:118
- /var/www/html/vendor/cakephp/cakephp/src/Http/Runner.php:73
- /var/www/html/vendor/cakephp/debug_kit/src/Middleware/DebugKitMiddleware.php:60
- /var/www/html/vendor/cakephp/cakephp/src/Http/Runner.php:73
- /var/www/html/vendor/cakephp/cakephp/src/Http/Runner.php:58
- /var/www/html/vendor/cakephp/cakephp/src/Http/Server.php:90
- /var/www/html/webroot/index.php:40

Request URL: /feeds
Referer URL: http://localhost:8080/feeds/view/2
Client IP: 192.168.80.1


2020-05-14 03:00:53 Error: [Cake\Datasource\Exception\RecordNotFoundException] Record not found in table "feeds" in /var/www/html/vendor/cakephp/cakephp/src/Datasource/QueryTrait.php on line 458
Stack Trace:
- /var/www/html/vendor/cakephp/cakephp/src/ORM/Table.php:1501
- /var/www/html/src/Controller/FeedsController.php:11
- /var/www/html/vendor/cakephp/cakephp/src/Controller/Controller.php:524
- /var/www/html/vendor/cakephp/cakephp/src/Controller/ControllerFactory.php:79
- /var/www/html/vendor/cakephp/cakephp/src/Http/BaseApplication.php:229
- /var/www/html/vendor/cakephp/cakephp/src/Http/Runner.php:77
- /var/www/html/vendor/cakephp/cakephp/src/Http/Runner.php:77
- /var/www/html/vendor/cakephp/cakephp/src/Http/Middleware/CsrfProtectionMiddleware.php:132
- /var/www/html/vendor/cakephp/cakephp/src/Http/Runner.php:73
- /var/www/html/vendor/cakephp/cakephp/src/Http/Runner.php:58
- /var/www/html/vendor/cakephp/cakephp/src/Routing/Middleware/RoutingMiddleware.php:162
- /var/www/html/vendor/cakephp/cakephp/src/Http/Runner.php:73
- /var/www/html/vendor/cakephp/cakephp/src/Routing/Middleware/AssetMiddleware.php:68
- /var/www/html/vendor/cakephp/cakephp/src/Http/Runner.php:73
- /var/www/html/vendor/cakephp/cakephp/src/Error/Middleware/ErrorHandlerMiddleware.php:118
- /var/www/html/vendor/cakephp/cakephp/src/Http/Runner.php:73
- /var/www/html/vendor/cakephp/debug_kit/src/Middleware/DebugKitMiddleware.php:60
- /var/www/html/vendor/cakephp/cakephp/src/Http/Runner.php:73
- /var/www/html/vendor/cakephp/cakephp/src/Http/Runner.php:58
- /var/www/html/vendor/cakephp/cakephp/src/Http/Server.php:90
- /var/www/html/webroot/index.php:40

Request URL: /feeds/view/2
Referer URL: http://localhost:8080/feeds/feed
Client IP: 192.168.80.1


